# JRE version: OpenJDK Runtime Environment (11.0.10) (build 11.0.10+0-b96-7249189)
# Java VM: OpenJDK 64-Bit Server VM (11.0.10+0-b96-7249189, mixed mode, tiered, compressed oops, g1 gc, windows-amd64)
Heap:
 garbage-first heap   total 187392K, used 145322K [0x0000000080000000, 0x0000000100000000)
  region size 1024K, 16 young (16384K), 3 survivors (3072K)
 Metaspace       used 122166K, capacity 125490K, committed 125644K, reserved 1159168K
  class space    used 15529K, capacity 16757K, committed 16844K, reserved 1048576K
GC Heap History (20 events):
Event: 32.721 GC heap before
{Heap before GC invocations=35 (full 0):
 garbage-first heap   total 187392K, used 122272K [0x0000000080000000, 0x0000000100000000)
  region size 1024K, 9 young (9216K), 6 survivors (6144K)
 Metaspace       used 103406K, capacity 105982K, committed 106060K, reserved 1140736K
  class space    used 13168K, capacity 14128K, committed 14156K, reserved 1048576K
}
Event: 32.726 GC heap after
{Heap after GC invocations=36 (full 0):
 garbage-first heap   total 187392K, used 120776K [0x0000000080000000, 0x0000000100000000)
  region size 1024K, 1 young (1024K), 1 survivors (1024K)
 Metaspace       used 103406K, capacity 105982K, committed 106060K, reserved 1140736K
  class space    used 13168K, capacity 14128K, committed 14156K, reserved 1048576K
}
Event: 33.402 GC heap before
{Heap before GC invocations=36 (full 0):
 garbage-first heap   total 187392K, used 156616K [0x0000000080000000, 0x0000000100000000)
  region size 1024K, 33 young (33792K), 1 survivors (1024K)
 Metaspace       used 108433K, capacity 111008K, committed 111180K, reserved 1146880K
  class space    used 13654K, capacity 14648K, committed 14668K, reserved 1048576K
}
Event: 33.409 GC heap after
{Heap after GC invocations=37 (full 0):
 garbage-first heap   total 187392K, used 128112K [0x0000000080000000, 0x0000000100000000)
  region size 1024K, 5 young (5120K), 5 survivors (5120K)
 Metaspace       used 108433K, capacity 111008K, committed 111180K, reserved 1146880K
  class space    used 13654K, capacity 14648K, committed 14668K, reserved 1048576K
}
Event: 34.035 GC heap before
{Heap before GC invocations=38 (full 0):
 garbage-first heap   total 187392K, used 153712K [0x0000000080000000, 0x0000000100000000)
  region size 1024K, 31 young (31744K), 5 survivors (5120K)
 Metaspace       used 112914K, capacity 115534K, committed 115660K, reserved 1148928K
  class space    used 14232K, capacity 15196K, committed 15308K, reserved 1048576K
}
Event: 34.042 GC heap after
{Heap after GC invocations=39 (full 0):
 garbage-first heap   total 187392K, used 129964K [0x0000000080000000, 0x0000000100000000)
  region size 1024K, 2 young (2048K), 2 survivors (2048K)
 Metaspace       used 112914K, capacity 115534K, committed 115660K, reserved 1148928K
  class space    used 14232K, capacity 15196K, committed 15308K, reserved 1048576K
}
Event: 34.186 GC heap before
{Heap before GC invocations=39 (full 0):
 garbage-first heap   total 187392K, used 137132K [0x0000000080000000, 0x0000000100000000)
  region size 1024K, 9 young (9216K), 2 survivors (2048K)
 Metaspace       used 113860K, capacity 116517K, committed 116812K, reserved 1150976K
  class space    used 14347K, capacity 15334K, committed 15436K, reserved 1048576K
}
Event: 34.190 GC heap after
{Heap after GC invocations=40 (full 0):
 garbage-first heap   total 187392K, used 130000K [0x0000000080000000, 0x0000000100000000)
  region size 1024K, 1 young (1024K), 1 survivors (1024K)
 Metaspace       used 113860K, capacity 116517K, committed 116812K, reserved 1150976K
  class space    used 14347K, capacity 15334K, committed 15436K, reserved 1048576K
}
Event: 34.759 GC heap before
{Heap before GC invocations=40 (full 0):
 garbage-first heap   total 187392K, used 155600K [0x0000000080000000, 0x0000000100000000)
  region size 1024K, 26 young (26624K), 1 survivors (1024K)
 Metaspace       used 117503K, capacity 120453K, committed 120652K, reserved 1155072K
  class space    used 14881K, capacity 15946K, committed 15948K, reserved 1048576K
}
Event: 34.764 GC heap after
{Heap after GC invocations=41 (full 0):
 garbage-first heap   total 187392K, used 131126K [0x0000000080000000, 0x0000000100000000)
  region size 1024K, 2 young (2048K), 2 survivors (2048K)
 Metaspace       used 117503K, capacity 120453K, committed 120652K, reserved 1155072K
  class space    used 14881K, capacity 15946K, committed 15948K, reserved 1048576K
}
Event: 35.126 GC heap before
{Heap before GC invocations=41 (full 0):
 garbage-first heap   total 187392K, used 155702K [0x0000000080000000, 0x0000000100000000)
  region size 1024K, 27 young (27648K), 2 survivors (2048K)
 Metaspace       used 118189K, capacity 121199K, committed 121292K, reserved 1155072K
  class space    used 14936K, capacity 16017K, committed 16076K, reserved 1048576K
}
Event: 35.130 GC heap after
{Heap after GC invocations=42 (full 0):
 garbage-first heap   total 187392K, used 132462K [0x0000000080000000, 0x0000000100000000)
  region size 1024K, 4 young (4096K), 4 survivors (4096K)
 Metaspace       used 118189K, capacity 121199K, committed 121292K, reserved 1155072K
  class space    used 14936K, capacity 16017K, committed 16076K, reserved 1048576K
}
Event: 35.566 GC heap before
{Heap before GC invocations=42 (full 0):
 garbage-first heap   total 187392K, used 158062K [0x0000000080000000, 0x0000000100000000)
  region size 1024K, 29 young (29696K), 4 survivors (4096K)
 Metaspace       used 119692K, capacity 122904K, committed 123212K, reserved 1157120K
  class space    used 15176K, capacity 16350K, committed 16460K, reserved 1048576K
}
Event: 35.570 GC heap after
{Heap after GC invocations=43 (full 0):
 garbage-first heap   total 187392K, used 133551K [0x0000000080000000, 0x0000000100000000)
  region size 1024K, 3 young (3072K), 3 survivors (3072K)
 Metaspace       used 119692K, capacity 122904K, committed 123212K, reserved 1157120K
  class space    used 15176K, capacity 16350K, committed 16460K, reserved 1048576K
}
Event: 36.002 GC heap before
{Heap before GC invocations=43 (full 0):
 garbage-first heap   total 187392K, used 158127K [0x0000000080000000, 0x0000000100000000)
  region size 1024K, 28 young (28672K), 3 survivors (3072K)
 Metaspace       used 121875K, capacity 125257K, committed 125388K, reserved 1157120K
  class space    used 15519K, capacity 16750K, committed 16844K, reserved 1048576K
}
Event: 36.006 GC heap after
{Heap after GC invocations=44 (full 0):
 garbage-first heap   total 187392K, used 133868K [0x0000000080000000, 0x0000000100000000)
  region size 1024K, 2 young (2048K), 2 survivors (2048K)
 Metaspace       used 121875K, capacity 125257K, committed 125388K, reserved 1157120K
  class space    used 15519K, capacity 16750K, committed 16844K, reserved 1048576K
}
Event: 36.198 GC heap before
{Heap before GC invocations=44 (full 0):
 garbage-first heap   total 187392K, used 159468K [0x0000000080000000, 0x0000000100000000)
  region size 1024K, 27 young (27648K), 2 survivors (2048K)
 Metaspace       used 122069K, capacity 125470K, committed 125644K, reserved 1159168K
  class space    used 15523K, capacity 16753K, committed 16844K, reserved 1048576K
}
Event: 36.201 GC heap after
{Heap after GC invocations=45 (full 0):
 garbage-first heap   total 187392K, used 132044K [0x0000000080000000, 0x0000000100000000)
  region size 1024K, 2 young (2048K), 2 survivors (2048K)
 Metaspace       used 122069K, capacity 125470K, committed 125644K, reserved 1159168K
  class space    used 15523K, capacity 16753K, committed 16844K, reserved 1048576K
}
Event: 36.558 GC heap before
{Heap before GC invocations=45 (full 0):
 garbage-first heap   total 187392K, used 158668K [0x0000000080000000, 0x0000000100000000)
  region size 1024K, 29 young (29696K), 2 survivors (2048K)
 Metaspace       used 122104K, capacity 125474K, committed 125644K, reserved 1159168K
  class space    used 15524K, capacity 16754K, committed 16844K, reserved 1048576K
}
Event: 36.562 GC heap after
{Heap after GC invocations=46 (full 0):
 garbage-first heap   total 187392K, used 133034K [0x0000000080000000, 0x0000000100000000)
  region size 1024K, 3 young (3072K), 3 survivors (3072K)
 Metaspace       used 122104K, capacity 125474K, committed 125644K, reserved 1159168K
  class space    used 15524K, capacity 16754K, committed 16844K, reserved 1048576K
}

