# JRE version: OpenJDK Runtime Environment (11.0.10) (build 11.0.10+0-b96-7249189)
# Java VM: OpenJDK 64-Bit Server VM (11.0.10+0-b96-7249189, mixed mode, tiered, compressed oops, g1 gc, windows-amd64)
Heap:
 garbage-first heap   total 536576K, used 288094K [0x0000000080000000, 0x0000000100000000)
  region size 1024K, 21 young (21504K), 9 survivors (9216K)
 Metaspace       used 116369K, capacity 119405K, committed 119680K, reserved 1153024K
  class space    used 14861K, capacity 16020K, committed 16076K, reserved 1048576K
GC Heap History (20 events):
Event: 17.157 GC heap before
{Heap before GC invocations=37 (full 0):
 garbage-first heap   total 245760K, used 205549K [0x0000000080000000, 0x0000000100000000)
  region size 1024K, 16 young (16384K), 3 survivors (3072K)
 Metaspace       used 95488K, capacity 97808K, committed 98048K, reserved 1134592K
  class space    used 12503K, capacity 13358K, committed 13388K, reserved 1048576K
}
Event: 17.173 GC heap after
{Heap after GC invocations=38 (full 0):
 garbage-first heap   total 415744K, used 201635K [0x0000000080000000, 0x0000000100000000)
  region size 1024K, 2 young (2048K), 2 survivors (2048K)
 Metaspace       used 95488K, capacity 97808K, committed 98048K, reserved 1134592K
  class space    used 12503K, capacity 13358K, committed 13388K, reserved 1048576K
}
Event: 17.921 GC heap before
{Heap before GC invocations=39 (full 0):
 garbage-first heap   total 415744K, used 272291K [0x0000000080000000, 0x0000000100000000)
  region size 1024K, 72 young (73728K), 2 survivors (2048K)
 Metaspace       used 98152K, capacity 100685K, committed 100864K, reserved 1136640K
  class space    used 12909K, capacity 13845K, committed 13900K, reserved 1048576K
}
Event: 17.944 GC heap after
{Heap after GC invocations=40 (full 0):
 garbage-first heap   total 415744K, used 224772K [0x0000000080000000, 0x0000000100000000)
  region size 1024K, 9 young (9216K), 9 survivors (9216K)
 Metaspace       used 98152K, capacity 100685K, committed 100864K, reserved 1136640K
  class space    used 12909K, capacity 13845K, committed 13900K, reserved 1048576K
}
Event: 18.406 GC heap before
{Heap before GC invocations=40 (full 0):
 garbage-first heap   total 415744K, used 291332K [0x0000000080000000, 0x0000000100000000)
  region size 1024K, 74 young (75776K), 9 survivors (9216K)
 Metaspace       used 98971K, capacity 101480K, committed 101760K, reserved 1136640K
  class space    used 13000K, capacity 13955K, committed 14028K, reserved 1048576K
}
Event: 18.433 GC heap after
{Heap after GC invocations=41 (full 0):
 garbage-first heap   total 415744K, used 236877K [0x0000000080000000, 0x0000000100000000)
  region size 1024K, 10 young (10240K), 10 survivors (10240K)
 Metaspace       used 98971K, capacity 101480K, committed 101760K, reserved 1136640K
  class space    used 13000K, capacity 13955K, committed 14028K, reserved 1048576K
}
Event: 19.086 GC heap before
{Heap before GC invocations=42 (full 0):
 garbage-first heap   total 415744K, used 292173K [0x0000000080000000, 0x0000000100000000)
  region size 1024K, 75 young (76800K), 10 survivors (10240K)
 Metaspace       used 99711K, capacity 102173K, committed 102656K, reserved 1138688K
  class space    used 13049K, capacity 13966K, committed 14156K, reserved 1048576K
}
Event: 19.103 GC heap after
{Heap after GC invocations=43 (full 0):
 garbage-first heap   total 415744K, used 229774K [0x0000000080000000, 0x0000000100000000)
  region size 1024K, 4 young (4096K), 4 survivors (4096K)
 Metaspace       used 99711K, capacity 102173K, committed 102656K, reserved 1138688K
  class space    used 13049K, capacity 13966K, committed 14156K, reserved 1048576K
}
Event: 19.224 GC heap before
{Heap before GC invocations=43 (full 0):
 garbage-first heap   total 415744K, used 245134K [0x0000000080000000, 0x0000000100000000)
  region size 1024K, 20 young (20480K), 4 survivors (4096K)
 Metaspace       used 99788K, capacity 102336K, committed 102656K, reserved 1138688K
  class space    used 13054K, capacity 13998K, committed 14156K, reserved 1048576K
}
Event: 19.248 GC heap after
{Heap after GC invocations=44 (full 0):
 garbage-first heap   total 536576K, used 219560K [0x0000000080000000, 0x0000000100000000)
  region size 1024K, 3 young (3072K), 3 survivors (3072K)
 Metaspace       used 99788K, capacity 102336K, committed 102656K, reserved 1138688K
  class space    used 13054K, capacity 13998K, committed 14156K, reserved 1048576K
}
Event: 20.438 GC heap before
{Heap before GC invocations=44 (full 0):
 garbage-first heap   total 536576K, used 345512K [0x0000000080000000, 0x0000000100000000)
  region size 1024K, 117 young (119808K), 3 survivors (3072K)
 Metaspace       used 103512K, capacity 106093K, committed 106368K, reserved 1140736K
  class space    used 13481K, capacity 14456K, committed 14540K, reserved 1048576K
}
Event: 20.472 GC heap after
{Heap after GC invocations=45 (full 0):
 garbage-first heap   total 536576K, used 238056K [0x0000000080000000, 0x0000000100000000)
  region size 1024K, 13 young (13312K), 13 survivors (13312K)
 Metaspace       used 103512K, capacity 106093K, committed 106368K, reserved 1140736K
  class space    used 13481K, capacity 14456K, committed 14540K, reserved 1048576K
}
Event: 20.970 GC heap before
{Heap before GC invocations=45 (full 0):
 garbage-first heap   total 536576K, used 376296K [0x0000000080000000, 0x0000000100000000)
  region size 1024K, 142 young (145408K), 13 survivors (13312K)
 Metaspace       used 103667K, capacity 106184K, committed 106368K, reserved 1140736K
  class space    used 13492K, capacity 14463K, committed 14540K, reserved 1048576K
}
Event: 20.987 GC heap after
{Heap after GC invocations=46 (full 0):
 garbage-first heap   total 536576K, used 249109K [0x0000000080000000, 0x0000000100000000)
  region size 1024K, 4 young (4096K), 4 survivors (4096K)
 Metaspace       used 103667K, capacity 106184K, committed 106368K, reserved 1140736K
  class space    used 13492K, capacity 14463K, committed 14540K, reserved 1048576K
}
Event: 21.830 GC heap before
{Heap before GC invocations=46 (full 0):
 garbage-first heap   total 536576K, used 429333K [0x0000000080000000, 0x0000000100000000)
  region size 1024K, 164 young (167936K), 4 survivors (4096K)
 Metaspace       used 104025K, capacity 106566K, committed 106624K, reserved 1140736K
  class space    used 13521K, capacity 14500K, committed 14540K, reserved 1048576K
}
Event: 21.844 GC heap after
{Heap after GC invocations=47 (full 0):
 garbage-first heap   total 536576K, used 277484K [0x0000000080000000, 0x0000000100000000)
  region size 1024K, 19 young (19456K), 19 survivors (19456K)
 Metaspace       used 104025K, capacity 106566K, committed 106624K, reserved 1140736K
  class space    used 13521K, capacity 14500K, committed 14540K, reserved 1048576K
}
Event: 39.333 GC heap before
{Heap before GC invocations=47 (full 0):
 garbage-first heap   total 536576K, used 456684K [0x0000000080000000, 0x0000000100000000)
  region size 1024K, 163 young (166912K), 19 survivors (19456K)
 Metaspace       used 107108K, capacity 109909K, committed 110208K, reserved 1144832K
  class space    used 13899K, capacity 14970K, committed 15052K, reserved 1048576K
}
Event: 39.348 GC heap after
{Heap after GC invocations=48 (full 0):
 garbage-first heap   total 536576K, used 270530K [0x0000000080000000, 0x0000000100000000)
  region size 1024K, 6 young (6144K), 6 survivors (6144K)
 Metaspace       used 107108K, capacity 109909K, committed 110208K, reserved 1144832K
  class space    used 13899K, capacity 14970K, committed 15052K, reserved 1048576K
}
Event: 40.762 GC heap before
{Heap before GC invocations=48 (full 0):
 garbage-first heap   total 536576K, used 444610K [0x0000000080000000, 0x0000000100000000)
  region size 1024K, 167 young (171008K), 6 survivors (6144K)
 Metaspace       used 114273K, capacity 117178K, committed 117376K, reserved 1150976K
  class space    used 14671K, capacity 15810K, committed 15820K, reserved 1048576K
}
Event: 40.767 GC heap after
{Heap after GC invocations=49 (full 0):
 garbage-first heap   total 536576K, used 276830K [0x0000000080000000, 0x0000000100000000)
  region size 1024K, 9 young (9216K), 9 survivors (9216K)
 Metaspace       used 114273K, capacity 117178K, committed 117376K, reserved 1150976K
  class space    used 14671K, capacity 15810K, committed 15820K, reserved 1048576K
}

