# JRE version: OpenJDK Runtime Environment (11.0.10) (build 11.0.10+0-b96-7249189)
# Java VM: OpenJDK 64-Bit Server VM (11.0.10+0-b96-7249189, mixed mode, tiered, compressed oops, g1 gc, windows-amd64)
Heap:
 garbage-first heap   total 355328K, used 223858K [0x0000000080000000, 0x0000000100000000)
  region size 1024K, 14 young (14336K), 2 survivors (2048K)
 Metaspace       used 150998K, capacity 154715K, committed 154880K, reserved 1183744K
  class space    used 19070K, capacity 20376K, committed 20480K, reserved 1048576K
GC Heap History (20 events):
Event: 701.880 GC heap before
{Heap before GC invocations=80 (full 0):
 garbage-first heap   total 270336K, used 237553K [0x0000000080000000, 0x0000000100000000)
  region size 1024K, 22 young (22528K), 1 survivors (1024K)
 Metaspace       used 150168K, capacity 153926K, committed 154240K, reserved 1183744K
  class space    used 18923K, capacity 20243K, committed 20352K, reserved 1048576K
}
Event: 701.881 GC heap after
{Heap after GC invocations=81 (full 0):
 garbage-first heap   total 270336K, used 216156K [0x0000000080000000, 0x0000000100000000)
  region size 1024K, 1 young (1024K), 1 survivors (1024K)
 Metaspace       used 150168K, capacity 153926K, committed 154240K, reserved 1183744K
  class space    used 18923K, capacity 20243K, committed 20352K, reserved 1048576K
}
Event: 701.983 GC heap before
{Heap before GC invocations=81 (full 0):
 garbage-first heap   total 270336K, used 237660K [0x0000000080000000, 0x0000000100000000)
  region size 1024K, 22 young (22528K), 1 survivors (1024K)
 Metaspace       used 150172K, capacity 153926K, committed 154240K, reserved 1183744K
  class space    used 18923K, capacity 20243K, committed 20352K, reserved 1048576K
}
Event: 701.984 GC heap after
{Heap after GC invocations=82 (full 0):
 garbage-first heap   total 270336K, used 216299K [0x0000000080000000, 0x0000000100000000)
  region size 1024K, 1 young (1024K), 1 survivors (1024K)
 Metaspace       used 150172K, capacity 153926K, committed 154240K, reserved 1183744K
  class space    used 18923K, capacity 20243K, committed 20352K, reserved 1048576K
}
Event: 702.067 GC heap before
{Heap before GC invocations=82 (full 0):
 garbage-first heap   total 270336K, used 237803K [0x0000000080000000, 0x0000000100000000)
  region size 1024K, 22 young (22528K), 1 survivors (1024K)
 Metaspace       used 150172K, capacity 153926K, committed 154240K, reserved 1183744K
  class space    used 18923K, capacity 20243K, committed 20352K, reserved 1048576K
}
Event: 702.068 GC heap after
{Heap after GC invocations=83 (full 0):
 garbage-first heap   total 270336K, used 216387K [0x0000000080000000, 0x0000000100000000)
  region size 1024K, 1 young (1024K), 1 survivors (1024K)
 Metaspace       used 150172K, capacity 153926K, committed 154240K, reserved 1183744K
  class space    used 18923K, capacity 20243K, committed 20352K, reserved 1048576K
}
Event: 702.153 GC heap before
{Heap before GC invocations=83 (full 0):
 garbage-first heap   total 270336K, used 237891K [0x0000000080000000, 0x0000000100000000)
  region size 1024K, 22 young (22528K), 1 survivors (1024K)
 Metaspace       used 150172K, capacity 153926K, committed 154240K, reserved 1183744K
  class space    used 18923K, capacity 20243K, committed 20352K, reserved 1048576K
}
Event: 702.154 GC heap after
{Heap after GC invocations=84 (full 0):
 garbage-first heap   total 270336K, used 216531K [0x0000000080000000, 0x0000000100000000)
  region size 1024K, 1 young (1024K), 1 survivors (1024K)
 Metaspace       used 150172K, capacity 153926K, committed 154240K, reserved 1183744K
  class space    used 18923K, capacity 20243K, committed 20352K, reserved 1048576K
}
Event: 702.262 GC heap before
{Heap before GC invocations=84 (full 0):
 garbage-first heap   total 270336K, used 237011K [0x0000000080000000, 0x0000000100000000)
  region size 1024K, 22 young (22528K), 1 survivors (1024K)
 Metaspace       used 150185K, capacity 153926K, committed 154240K, reserved 1183744K
  class space    used 18925K, capacity 20243K, committed 20352K, reserved 1048576K
}
Event: 702.264 GC heap after
{Heap after GC invocations=85 (full 0):
 garbage-first heap   total 270336K, used 214719K [0x0000000080000000, 0x0000000100000000)
  region size 1024K, 2 young (2048K), 2 survivors (2048K)
 Metaspace       used 150185K, capacity 153926K, committed 154240K, reserved 1183744K
  class space    used 18925K, capacity 20243K, committed 20352K, reserved 1048576K
}
Event: 702.314 GC heap before
{Heap before GC invocations=85 (full 0):
 garbage-first heap   total 270336K, used 231103K [0x0000000080000000, 0x0000000100000000)
  region size 1024K, 9 young (9216K), 2 survivors (2048K)
 Metaspace       used 150390K, capacity 154108K, committed 154240K, reserved 1183744K
  class space    used 18959K, capacity 20259K, committed 20352K, reserved 1048576K
}
Event: 702.318 GC heap after
{Heap after GC invocations=86 (full 0):
 garbage-first heap   total 270336K, used 225387K [0x0000000080000000, 0x0000000100000000)
  region size 1024K, 2 young (2048K), 2 survivors (2048K)
 Metaspace       used 150390K, capacity 154108K, committed 154240K, reserved 1183744K
  class space    used 18959K, capacity 20259K, committed 20352K, reserved 1048576K
}
Event: 702.387 GC heap before
{Heap before GC invocations=86 (full 0):
 garbage-first heap   total 270336K, used 244843K [0x0000000080000000, 0x0000000100000000)
  region size 1024K, 16 young (16384K), 2 survivors (2048K)
 Metaspace       used 150546K, capacity 154205K, committed 154496K, reserved 1183744K
  class space    used 18984K, capacity 20291K, committed 20352K, reserved 1048576K
}
Event: 702.391 GC heap after
{Heap after GC invocations=87 (full 0):
 garbage-first heap   total 270336K, used 218595K [0x0000000080000000, 0x0000000100000000)
  region size 1024K, 2 young (2048K), 2 survivors (2048K)
 Metaspace       used 150546K, capacity 154205K, committed 154496K, reserved 1183744K
  class space    used 18984K, capacity 20291K, committed 20352K, reserved 1048576K
}
Event: 702.413 GC heap before
{Heap before GC invocations=87 (full 0):
 garbage-first heap   total 270336K, used 239075K [0x0000000080000000, 0x0000000100000000)
  region size 1024K, 22 young (22528K), 2 survivors (2048K)
 Metaspace       used 150554K, capacity 154211K, committed 154496K, reserved 1183744K
  class space    used 18986K, capacity 20293K, committed 20352K, reserved 1048576K
}
Event: 702.417 GC heap after
{Heap after GC invocations=88 (full 0):
 garbage-first heap   total 270336K, used 221307K [0x0000000080000000, 0x0000000100000000)
  region size 1024K, 3 young (3072K), 3 survivors (3072K)
 Metaspace       used 150554K, capacity 154211K, committed 154496K, reserved 1183744K
  class space    used 18986K, capacity 20293K, committed 20352K, reserved 1048576K
}
Event: 702.455 GC heap before
{Heap before GC invocations=88 (full 0):
 garbage-first heap   total 270336K, used 236667K [0x0000000080000000, 0x0000000100000000)
  region size 1024K, 19 young (19456K), 3 survivors (3072K)
 Metaspace       used 150561K, capacity 154275K, committed 154496K, reserved 1183744K
  class space    used 18986K, capacity 20293K, committed 20352K, reserved 1048576K
}
Event: 702.459 GC heap after
{Heap after GC invocations=89 (full 0):
 garbage-first heap   total 270336K, used 223448K [0x0000000080000000, 0x0000000100000000)
  region size 1024K, 2 young (2048K), 2 survivors (2048K)
 Metaspace       used 150561K, capacity 154275K, committed 154496K, reserved 1183744K
  class space    used 18986K, capacity 20293K, committed 20352K, reserved 1048576K
}
Event: 702.513 GC heap before
{Heap before GC invocations=89 (full 0):
 garbage-first heap   total 270336K, used 236760K [0x0000000080000000, 0x0000000100000000)
  region size 1024K, 16 young (16384K), 2 survivors (2048K)
 Metaspace       used 150716K, capacity 154406K, committed 154496K, reserved 1183744K
  class space    used 19002K, capacity 20294K, committed 20352K, reserved 1048576K
}
Event: 702.519 GC heap after
{Heap after GC invocations=90 (full 0):
 garbage-first heap   total 355328K, used 225906K [0x0000000080000000, 0x0000000100000000)
  region size 1024K, 2 young (2048K), 2 survivors (2048K)
 Metaspace       used 150716K, capacity 154406K, committed 154496K, reserved 1183744K
  class space    used 19002K, capacity 20294K, committed 20352K, reserved 1048576K
}

