# JRE version: OpenJDK Runtime Environment (11.0.10) (build 11.0.10+0-b96-7249189)
# Java VM: OpenJDK 64-Bit Server VM (11.0.10+0-b96-7249189, mixed mode, tiered, compressed oops, g1 gc, windows-amd64)
Heap:
 garbage-first heap   total 357376K, used 139025K [0x0000000080000000, 0x0000000100000000)
  region size 1024K, 6 young (6144K), 6 survivors (6144K)
 Metaspace       used 119835K, capacity 123483K, committed 123596K, reserved 1155072K
  class space    used 15584K, capacity 17011K, committed 17100K, reserved 1048576K
GC Heap History (20 events):
Event: 50.554 GC heap after
{Heap after GC invocations=47 (full 0):
 garbage-first heap   total 187392K, used 124964K [0x0000000080000000, 0x0000000100000000)
  region size 1024K, 5 young (5120K), 5 survivors (5120K)
 Metaspace       used 105837K, capacity 108426K, committed 108748K, reserved 1142784K
  class space    used 13516K, capacity 14463K, committed 14540K, reserved 1048576K
}
Event: 50.669 GC heap before
{Heap before GC invocations=47 (full 0):
 garbage-first heap   total 187392K, used 154660K [0x0000000080000000, 0x0000000100000000)
  region size 1024K, 34 young (34816K), 5 survivors (5120K)
 Metaspace       used 106568K, capacity 109232K, committed 109388K, reserved 1144832K
  class space    used 13627K, capacity 14596K, committed 14668K, reserved 1048576K
}
Event: 50.672 GC heap after
{Heap after GC invocations=48 (full 0):
 garbage-first heap   total 187392K, used 126432K [0x0000000080000000, 0x0000000100000000)
  region size 1024K, 2 young (2048K), 2 survivors (2048K)
 Metaspace       used 106568K, capacity 109232K, committed 109388K, reserved 1144832K
  class space    used 13627K, capacity 14596K, committed 14668K, reserved 1048576K
}
Event: 50.744 GC heap before
{Heap before GC invocations=48 (full 0):
 garbage-first heap   total 187392K, used 154080K [0x0000000080000000, 0x0000000100000000)
  region size 1024K, 30 young (30720K), 2 survivors (2048K)
 Metaspace       used 107019K, capacity 109689K, committed 110028K, reserved 1144832K
  class space    used 13687K, capacity 14682K, committed 14796K, reserved 1048576K
}
Event: 50.748 GC heap after
{Heap after GC invocations=49 (full 0):
 garbage-first heap   total 187392K, used 128353K [0x0000000080000000, 0x0000000100000000)
  region size 1024K, 4 young (4096K), 4 survivors (4096K)
 Metaspace       used 107019K, capacity 109689K, committed 110028K, reserved 1144832K
  class space    used 13687K, capacity 14682K, committed 14796K, reserved 1048576K
}
Event: 51.087 GC heap before
{Heap before GC invocations=50 (full 0):
 garbage-first heap   total 187392K, used 153953K [0x0000000080000000, 0x0000000100000000)
  region size 1024K, 32 young (32768K), 4 survivors (4096K)
 Metaspace       used 109216K, capacity 111936K, committed 112076K, reserved 1146880K
  class space    used 14007K, capacity 15028K, committed 15052K, reserved 1048576K
}
Event: 51.093 GC heap after
{Heap after GC invocations=51 (full 0):
 garbage-first heap   total 187392K, used 127438K [0x0000000080000000, 0x0000000100000000)
  region size 1024K, 3 young (3072K), 3 survivors (3072K)
 Metaspace       used 109216K, capacity 111936K, committed 112076K, reserved 1146880K
  class space    used 14007K, capacity 15028K, committed 15052K, reserved 1048576K
}
Event: 51.136 GC heap before
{Heap before GC invocations=51 (full 0):
 garbage-first heap   total 187392K, used 133582K [0x0000000080000000, 0x0000000100000000)
  region size 1024K, 9 young (9216K), 3 survivors (3072K)
 Metaspace       used 109506K, capacity 112259K, committed 112460K, reserved 1146880K
  class space    used 14041K, capacity 15073K, committed 15180K, reserved 1048576K
}
Event: 51.142 GC heap after
{Heap after GC invocations=52 (full 0):
 garbage-first heap   total 187392K, used 127954K [0x0000000080000000, 0x0000000100000000)
  region size 1024K, 2 young (2048K), 2 survivors (2048K)
 Metaspace       used 109506K, capacity 112259K, committed 112460K, reserved 1146880K
  class space    used 14041K, capacity 15073K, committed 15180K, reserved 1048576K
}
Event: 51.313 GC heap before
{Heap before GC invocations=52 (full 0):
 garbage-first heap   total 187392K, used 156626K [0x0000000080000000, 0x0000000100000000)
  region size 1024K, 31 young (31744K), 2 survivors (2048K)
 Metaspace       used 110910K, capacity 113690K, committed 113868K, reserved 1148928K
  class space    used 14244K, capacity 15294K, committed 15308K, reserved 1048576K
}
Event: 51.333 GC heap after
{Heap after GC invocations=53 (full 0):
 garbage-first heap   total 187392K, used 136622K [0x0000000080000000, 0x0000000100000000)
  region size 1024K, 4 young (4096K), 4 survivors (4096K)
 Metaspace       used 110910K, capacity 113690K, committed 113868K, reserved 1148928K
  class space    used 14244K, capacity 15294K, committed 15308K, reserved 1048576K
}
Event: 51.663 GC heap before
{Heap before GC invocations=54 (full 0):
 garbage-first heap   total 187392K, used 156078K [0x0000000080000000, 0x0000000100000000)
  region size 1024K, 24 young (24576K), 4 survivors (4096K)
 Metaspace       used 114026K, capacity 117131K, committed 117196K, reserved 1150976K
  class space    used 14828K, capacity 16057K, committed 16076K, reserved 1048576K
}
Event: 51.676 GC heap after
{Heap after GC invocations=55 (full 0):
 garbage-first heap   total 283648K, used 138163K [0x0000000080000000, 0x0000000100000000)
  region size 1024K, 3 young (3072K), 3 survivors (3072K)
 Metaspace       used 114026K, capacity 117131K, committed 117196K, reserved 1150976K
  class space    used 14828K, capacity 16057K, committed 16076K, reserved 1048576K
}
Event: 51.811 GC heap before
{Heap before GC invocations=55 (full 0):
 garbage-first heap   total 283648K, used 148403K [0x0000000080000000, 0x0000000100000000)
  region size 1024K, 13 young (13312K), 3 survivors (3072K)
 Metaspace       used 115308K, capacity 118574K, committed 118732K, reserved 1150976K
  class space    used 15026K, capacity 16308K, committed 16332K, reserved 1048576K
}
Event: 51.818 GC heap after
{Heap after GC invocations=56 (full 0):
 garbage-first heap   total 283648K, used 134007K [0x0000000080000000, 0x0000000100000000)
  region size 1024K, 1 young (1024K), 1 survivors (1024K)
 Metaspace       used 115308K, capacity 118574K, committed 118732K, reserved 1150976K
  class space    used 15026K, capacity 16308K, committed 16332K, reserved 1048576K
}
Event: 52.191 GC heap before
{Heap before GC invocations=56 (full 0):
 garbage-first heap   total 283648K, used 191351K [0x0000000080000000, 0x0000000100000000)
  region size 1024K, 57 young (58368K), 1 survivors (1024K)
 Metaspace       used 116655K, capacity 119933K, committed 120012K, reserved 1153024K
  class space    used 15217K, capacity 16520K, committed 16588K, reserved 1048576K
}
Event: 52.198 GC heap after
{Heap after GC invocations=57 (full 0):
 garbage-first heap   total 283648K, used 136745K [0x0000000080000000, 0x0000000100000000)
  region size 1024K, 4 young (4096K), 4 survivors (4096K)
 Metaspace       used 116655K, capacity 119933K, committed 120012K, reserved 1153024K
  class space    used 15217K, capacity 16520K, committed 16588K, reserved 1048576K
}
Event: 52.559 GC heap before
{Heap before GC invocations=57 (full 0):
 garbage-first heap   total 283648K, used 197161K [0x0000000080000000, 0x0000000100000000)
  region size 1024K, 64 young (65536K), 4 survivors (4096K)
 Metaspace       used 119142K, capacity 122705K, committed 122956K, reserved 1155072K
  class space    used 15513K, capacity 16918K, committed 16972K, reserved 1048576K
}
Event: 52.565 GC heap after
{Heap after GC invocations=58 (full 0):
 garbage-first heap   total 283648K, used 137545K [0x0000000080000000, 0x0000000100000000)
  region size 1024K, 4 young (4096K), 4 survivors (4096K)
 Metaspace       used 119142K, capacity 122705K, committed 122956K, reserved 1155072K
  class space    used 15513K, capacity 16918K, committed 16972K, reserved 1048576K
}
Event: 52.967 GC heap before
{Heap before GC invocations=58 (full 0):
 garbage-first heap   total 283648K, used 205129K [0x0000000080000000, 0x0000000100000000)
  region size 1024K, 69 young (70656K), 4 survivors (4096K)
 Metaspace       used 119835K, capacity 123483K, committed 123596K, reserved 1155072K
  class space    used 15584K, capacity 17011K, committed 17100K, reserved 1048576K
}

