# JRE version: OpenJDK Runtime Environment (11.0.10) (build 11.0.10+0-b96-7249189)
# Java VM: OpenJDK 64-Bit Server VM (11.0.10+0-b96-7249189, mixed mode, tiered, compressed oops, g1 gc, windows-amd64)
Heap:
 garbage-first heap   total 886784K, used 247952K [0x0000000080000000, 0x0000000100000000)
  region size 1024K, 9 young (9216K), 9 survivors (9216K)
 Metaspace       used 103312K, capacity 106068K, committed 107084K, reserved 1140736K
  class space    used 13431K, capacity 14485K, committed 14924K, reserved 1048576K
GC Heap History (20 events):
Event: 18.390 GC heap after
{Heap after GC invocations=35 (full 0):
 garbage-first heap   total 270336K, used 159862K [0x0000000080000000, 0x0000000100000000)
  region size 1024K, 7 young (7168K), 7 survivors (7168K)
 Metaspace       used 102847K, capacity 105754K, committed 105932K, reserved 1140736K
  class space    used 13506K, capacity 14691K, committed 14796K, reserved 1048576K
}
Event: 18.624 GC heap before
{Heap before GC invocations=35 (full 0):
 garbage-first heap   total 270336K, used 209014K [0x0000000080000000, 0x0000000100000000)
  region size 1024K, 56 young (57344K), 7 survivors (7168K)
 Metaspace       used 102539K, capacity 105285K, committed 106444K, reserved 1140736K
  class space    used 13338K, capacity 14366K, committed 14796K, reserved 1048576K
}
Event: 18.639 GC heap after
{Heap after GC invocations=36 (full 0):
 garbage-first heap   total 270336K, used 169836K [0x0000000080000000, 0x0000000100000000)
  region size 1024K, 7 young (7168K), 7 survivors (7168K)
 Metaspace       used 102539K, capacity 105285K, committed 106444K, reserved 1140736K
  class space    used 13338K, capacity 14366K, committed 14796K, reserved 1048576K
}
Event: 18.751 GC heap before
{Heap before GC invocations=37 (full 0):
 garbage-first heap   total 270336K, used 214892K [0x0000000080000000, 0x0000000100000000)
  region size 1024K, 52 young (53248K), 7 survivors (7168K)
 Metaspace       used 102655K, capacity 105385K, committed 106444K, reserved 1140736K
  class space    used 13357K, capacity 14398K, committed 14796K, reserved 1048576K
}
Event: 18.767 GC heap after
{Heap after GC invocations=38 (full 0):
 garbage-first heap   total 350208K, used 181441K [0x0000000080000000, 0x0000000100000000)
  region size 1024K, 7 young (7168K), 7 survivors (7168K)
 Metaspace       used 102655K, capacity 105385K, committed 106444K, reserved 1140736K
  class space    used 13357K, capacity 14398K, committed 14796K, reserved 1048576K
}
Event: 18.781 GC heap before
{Heap before GC invocations=38 (full 0):
 garbage-first heap   total 350208K, used 191681K [0x0000000080000000, 0x0000000100000000)
  region size 1024K, 17 young (17408K), 7 survivors (7168K)
 Metaspace       used 102655K, capacity 105385K, committed 106444K, reserved 1140736K
  class space    used 13357K, capacity 14398K, committed 14796K, reserved 1048576K
}
Event: 18.797 GC heap after
{Heap after GC invocations=39 (full 0):
 garbage-first heap   total 350208K, used 170726K [0x0000000080000000, 0x0000000100000000)
  region size 1024K, 3 young (3072K), 3 survivors (3072K)
 Metaspace       used 102655K, capacity 105385K, committed 106444K, reserved 1140736K
  class space    used 13357K, capacity 14398K, committed 14796K, reserved 1048576K
}
Event: 18.912 GC heap before
{Heap before GC invocations=39 (full 0):
 garbage-first heap   total 350208K, used 241382K [0x0000000080000000, 0x0000000100000000)
  region size 1024K, 73 young (74752K), 3 survivors (3072K)
 Metaspace       used 102680K, capacity 105453K, committed 106444K, reserved 1140736K
  class space    used 13357K, capacity 14398K, committed 14796K, reserved 1048576K
}
Event: 18.930 GC heap after
{Heap after GC invocations=40 (full 0):
 garbage-first heap   total 350208K, used 187306K [0x0000000080000000, 0x0000000100000000)
  region size 1024K, 10 young (10240K), 10 survivors (10240K)
 Metaspace       used 102680K, capacity 105453K, committed 106444K, reserved 1140736K
  class space    used 13357K, capacity 14398K, committed 14796K, reserved 1048576K
}
Event: 19.070 GC heap before
{Heap before GC invocations=40 (full 0):
 garbage-first heap   total 350208K, used 254890K [0x0000000080000000, 0x0000000100000000)
  region size 1024K, 76 young (77824K), 10 survivors (10240K)
 Metaspace       used 102743K, capacity 105468K, committed 106444K, reserved 1140736K
  class space    used 13357K, capacity 14399K, committed 14796K, reserved 1048576K
}
Event: 19.086 GC heap after
{Heap after GC invocations=41 (full 0):
 garbage-first heap   total 350208K, used 199904K [0x0000000080000000, 0x0000000100000000)
  region size 1024K, 10 young (10240K), 10 survivors (10240K)
 Metaspace       used 102743K, capacity 105468K, committed 106444K, reserved 1140736K
  class space    used 13357K, capacity 14399K, committed 14796K, reserved 1048576K
}
Event: 19.303 GC heap before
{Heap before GC invocations=42 (full 0):
 garbage-first heap   total 350208K, used 262368K [0x0000000080000000, 0x0000000100000000)
  region size 1024K, 72 young (73728K), 10 survivors (10240K)
 Metaspace       used 102959K, capacity 105679K, committed 106700K, reserved 1140736K
  class space    used 13361K, capacity 14399K, committed 14796K, reserved 1048576K
}
Event: 19.331 GC heap after
{Heap after GC invocations=43 (full 0):
 garbage-first heap   total 562176K, used 212498K [0x0000000080000000, 0x0000000100000000)
  region size 1024K, 9 young (9216K), 9 survivors (9216K)
 Metaspace       used 102959K, capacity 105679K, committed 106700K, reserved 1140736K
  class space    used 13361K, capacity 14399K, committed 14796K, reserved 1048576K
}
Event: 19.372 GC heap before
{Heap before GC invocations=43 (full 0):
 garbage-first heap   total 562176K, used 229906K [0x0000000080000000, 0x0000000100000000)
  region size 1024K, 27 young (27648K), 9 survivors (9216K)
 Metaspace       used 102969K, capacity 105680K, committed 106700K, reserved 1140736K
  class space    used 13361K, capacity 14399K, committed 14796K, reserved 1048576K
}
Event: 19.394 GC heap after
{Heap after GC invocations=44 (full 0):
 garbage-first heap   total 562176K, used 199123K [0x0000000080000000, 0x0000000100000000)
  region size 1024K, 4 young (4096K), 4 survivors (4096K)
 Metaspace       used 102969K, capacity 105680K, committed 106700K, reserved 1140736K
  class space    used 13361K, capacity 14399K, committed 14796K, reserved 1048576K
}
Event: 19.653 GC heap before
{Heap before GC invocations=44 (full 0):
 garbage-first heap   total 562176K, used 329171K [0x0000000080000000, 0x0000000100000000)
  region size 1024K, 132 young (135168K), 4 survivors (4096K)
 Metaspace       used 103067K, capacity 105822K, committed 106700K, reserved 1140736K
  class space    used 13363K, capacity 14403K, committed 14796K, reserved 1048576K
}
Event: 19.676 GC heap after
{Heap after GC invocations=45 (full 0):
 garbage-first heap   total 562176K, used 222056K [0x0000000080000000, 0x0000000100000000)
  region size 1024K, 17 young (17408K), 17 survivors (17408K)
 Metaspace       used 103067K, capacity 105822K, committed 106700K, reserved 1140736K
  class space    used 13363K, capacity 14403K, committed 14796K, reserved 1048576K
}
Event: 19.961 GC heap before
{Heap before GC invocations=45 (full 0):
 garbage-first heap   total 562176K, used 369512K [0x0000000080000000, 0x0000000100000000)
  region size 1024K, 161 young (164864K), 17 survivors (17408K)
 Metaspace       used 103208K, capacity 105954K, committed 106956K, reserved 1140736K
  class space    used 13407K, capacity 14448K, committed 14796K, reserved 1048576K
}
Event: 19.988 GC heap after
{Heap after GC invocations=46 (full 0):
 garbage-first heap   total 562176K, used 240640K [0x0000000080000000, 0x0000000100000000)
  region size 1024K, 18 young (18432K), 18 survivors (18432K)
 Metaspace       used 103208K, capacity 105954K, committed 106956K, reserved 1140736K
  class space    used 13407K, capacity 14448K, committed 14796K, reserved 1048576K
}
Event: 20.384 GC heap before
{Heap before GC invocations=46 (full 0):
 garbage-first heap   total 562176K, used 391168K [0x0000000080000000, 0x0000000100000000)
  region size 1024K, 166 young (169984K), 18 survivors (18432K)
 Metaspace       used 103312K, capacity 106068K, committed 107084K, reserved 1140736K
  class space    used 13431K, capacity 14485K, committed 14924K, reserved 1048576K
}

